<?xml version="1.0" encoding="UTF-8" ?>
<testsuite tests="0" failures="0" name="Test.Maven_2.Test" time="0" errors="0" skipped="0">
  <properties>
    <property name="jansi.mode" value="force"/>
    <property name="java.runtime.name" value="OpenJDK Runtime Environment"/>
    <property name="java.vm.version" value="18.0.2.1+1"/>
    <property name="sun.boot.library.path" value="C:\Users\kipuli\.p2\pool\plugins\org.eclipse.justj.openjdk.hotspot.jre.full.win32.x86_64_18.0.2.v20220903-1139\jre\bin"/>
    <property name="maven.multiModuleProjectDirectory" value="C:\Users\kipuli\eclipse-workspace\Maven-2"/>
    <property name="java.vm.vendor" value="Eclipse Adoptium"/>
    <property name="java.vendor.url" value="https://adoptium.net/"/>
    <property name="guice.disable.misplaced.annotation.check" value="true"/>
    <property name="path.separator" value=";"/>
    <property name="java.vm.name" value="OpenJDK 64-Bit Server VM"/>
    <property name="sun.os.patch.level" value=""/>
    <property name="user.script" value=""/>
    <property name="user.country" value="IN"/>
    <property name="sun.java.launcher" value="SUN_STANDARD"/>
    <property name="java.vm.specification.name" value="Java Virtual Machine Specification"/>
    <property name="user.dir" value="C:\Users\kipuli\eclipse-workspace\Maven-2"/>
    <property name="java.vm.compressedOopsMode" value="Zero based"/>
    <property name="java.runtime.version" value="18.0.2.1+1"/>
    <property name="os.arch" value="amd64"/>
    <property name="java.io.tmpdir" value="C:\Users\kipuli\AppData\Local\Temp\"/>
    <property name="line.separator" value="
"/>
    <property name="java.vm.specification.vendor" value="Oracle Corporation"/>
    <property name="user.variant" value=""/>
    <property name="os.name" value="Windows 11"/>
    <property name="classworlds.conf" value="C:\Users\kipuli\eclipse-workspace\.metadata\.plugins\org.eclipse.m2e.launching\launches\m2conf9072692518530868173.tmp"/>
    <property name="sun.jnu.encoding" value="Cp1252"/>
    <property name="java.library.path" value="C:\Users\kipuli\.p2\pool\plugins\org.eclipse.justj.openjdk.hotspot.jre.full.win32.x86_64_18.0.2.v20220903-1139\jre\bin;C:\WINDOWS\Sun\Java\bin;C:\WINDOWS\system32;C:\WINDOWS;C:/Users/kipuli/.p2/pool/plugins/org.eclipse.justj.openjdk.hotspot.jre.full.win32.x86_64_18.0.2.v20220903-1139/jre/bin/server;C:/Users/kipuli/.p2/pool/plugins/org.eclipse.justj.openjdk.hotspot.jre.full.win32.x86_64_18.0.2.v20220903-1139/jre/bin;C:\Program Files\Eclipse Foundation\jdk-11.0.12.7-hotspot\bin;C:\WINDOWS\system32;C:\WINDOWS;C:\WINDOWS\System32\Wbem;C:\WINDOWS\System32\WindowsPowerShell\v1.0\;C:\WINDOWS\System32\OpenSSH\;C:\Program Files\nodejs\;C:\Users\kipuli\AppData\Local\Microsoft\WindowsApps;;C:\WINDOWS\system32;;."/>
    <property name="jdk.debug" value="release"/>
    <property name="java.class.version" value="62.0"/>
    <property name="java.specification.name" value="Java Platform API Specification"/>
    <property name="sun.management.compiler" value="HotSpot 64-Bit Tiered Compilers"/>
    <property name="os.version" value="10.0"/>
    <property name="user.home" value="C:\Users\kipuli"/>
    <property name="user.timezone" value="Asia/Calcutta"/>
    <property name="file.encoding" value="UTF-8"/>
    <property name="java.specification.version" value="18"/>
    <property name="user.name" value="kipuli"/>
    <property name="java.class.path" value="C:\Users\kipuli\.p2\pool\plugins\org.eclipse.m2e.maven.runtime_3.8.601.20220820-1147\jars\plexus-classworlds-2.6.0.jar"/>
    <property name="java.vm.specification.version" value="18"/>
    <property name="sun.arch.data.model" value="64"/>
    <property name="sun.java.command" value="org.codehaus.plexus.classworlds.launcher.Launcher -B -Dstyle.color=always install"/>
    <property name="java.home" value="C:\Users\kipuli\.p2\pool\plugins\org.eclipse.justj.openjdk.hotspot.jre.full.win32.x86_64_18.0.2.v20220903-1139\jre"/>
    <property name="user.language" value="en"/>
    <property name="java.specification.vendor" value="Oracle Corporation"/>
    <property name="java.vm.info" value="mixed mode"/>
    <property name="java.version" value="18.0.2.1"/>
    <property name="native.encoding" value="Cp1252"/>
    <property name="java.vendor" value="Eclipse Adoptium"/>
    <property name="maven.home" value="C:\Users\kipuli\eclipse-workspace\Maven-2\EMBEDDED"/>
    <property name="style.color" value="always"/>
    <property name="file.separator" value="\"/>
    <property name="java.version.date" value="2022-08-18"/>
    <property name="java.vendor.url.bug" value="https://github.com/adoptium/adoptium-support/issues"/>
    <property name="sun.io.unicode.encoding" value="UnicodeLittle"/>
    <property name="sun.cpu.endian" value="little"/>
    <property name="java.vendor.version" value="Temurin-18.0.2.1+1"/>
    <property name="sun.cpu.isalist" value="amd64"/>
  </properties>
</testsuite>